  game.cpp
C:\Users\Dell\Desktop\GameRaylib\GameRaylib\GameRaylib\game.hpp(38,53): warning C4305: 'initializing': truncation from 'double' to 'const float'
  (compiling source file 'game.cpp')
  
C:\Users\Dell\Desktop\GameRaylib\GameRaylib\GameRaylib\game.cpp(42,27): warning C4244: '=': conversion from 'double' to 'float', possible loss of data
C:\Users\Dell\Desktop\GameRaylib\GameRaylib\GameRaylib\game.cpp(43,45): warning C4244: '=': conversion from 'int' to 'float', possible loss of data
C:\Users\Dell\Desktop\GameRaylib\GameRaylib\GameRaylib\game.cpp(108,20): warning C4267: 'initializing': conversion from 'size_t' to 'int', possible loss of data
C:\Users\Dell\Desktop\GameRaylib\GameRaylib\GameRaylib\game.cpp(137,12): warning C4244: 'initializing': conversion from 'int' to 'float', possible loss of data
C:\Users\Dell\Desktop\GameRaylib\GameRaylib\GameRaylib\game.cpp(138,12): warning C4244: 'initializing': conversion from 'int' to 'float', possible loss of data
C:\Users\Dell\Desktop\GameRaylib\GameRaylib\GameRaylib\game.cpp(171,53): warning C4267: 'argument': conversion from 'size_t' to 'int', possible loss of data
C:\Users\Dell\Desktop\GameRaylib\GameRaylib\GameRaylib\game.cpp(176,31): warning C4244: '=': conversion from 'double' to 'float', possible loss of data
C:\Users\Dell\Desktop\GameRaylib\GameRaylib\GameRaylib\game.cpp(281,43): warning C4244: '=': conversion from 'int' to 'float', possible loss of data
  main.cpp
C:\Users\Dell\Desktop\GameRaylib\GameRaylib\GameRaylib\game.hpp(38,53): warning C4305: 'initializing': truncation from 'double' to 'const float'
  (compiling source file 'main.cpp')
  
C:\Users\Dell\Desktop\GameRaylib\GameRaylib\GameRaylib\main.cpp(9,18): warning C4267: 'initializing': conversion from 'size_t' to 'int', possible loss of data
  Generating Code...
raylib.lib(rtextures.c.obj) : warning LNK4099: PDB '' was not found with 'raylib.lib(rtextures.c.obj)' or at ''; linking object as if no debug info
raylib.lib(rshapes.c.obj) : warning LNK4099: PDB '' was not found with 'raylib.lib(rshapes.c.obj)' or at ''; linking object as if no debug info
raylib.lib(rcore.c.obj) : warning LNK4099: PDB '' was not found with 'raylib.lib(rcore.c.obj)' or at ''; linking object as if no debug info
raylib.lib(rtext.c.obj) : warning LNK4099: PDB '' was not found with 'raylib.lib(rtext.c.obj)' or at ''; linking object as if no debug info
raylib.lib(utils.c.obj) : warning LNK4099: PDB '' was not found with 'raylib.lib(utils.c.obj)' or at ''; linking object as if no debug info
raylib.lib(init.c.obj) : warning LNK4099: PDB '' was not found with 'raylib.lib(init.c.obj)' or at ''; linking object as if no debug info
raylib.lib(platform.c.obj) : warning LNK4099: PDB '' was not found with 'raylib.lib(platform.c.obj)' or at ''; linking object as if no debug info
raylib.lib(monitor.c.obj) : warning LNK4099: PDB '' was not found with 'raylib.lib(monitor.c.obj)' or at ''; linking object as if no debug info
raylib.lib(window.c.obj) : warning LNK4099: PDB '' was not found with 'raylib.lib(window.c.obj)' or at ''; linking object as if no debug info
raylib.lib(input.c.obj) : warning LNK4099: PDB '' was not found with 'raylib.lib(input.c.obj)' or at ''; linking object as if no debug info
raylib.lib(context.c.obj) : warning LNK4099: PDB '' was not found with 'raylib.lib(context.c.obj)' or at ''; linking object as if no debug info
raylib.lib(win32_window.c.obj) : warning LNK4099: PDB '' was not found with 'raylib.lib(win32_window.c.obj)' or at ''; linking object as if no debug info
raylib.lib(win32_time.c.obj) : warning LNK4099: PDB '' was not found with 'raylib.lib(win32_time.c.obj)' or at ''; linking object as if no debug info
raylib.lib(win32_thread.c.obj) : warning LNK4099: PDB '' was not found with 'raylib.lib(win32_thread.c.obj)' or at ''; linking object as if no debug info
raylib.lib(vulkan.c.obj) : warning LNK4099: PDB '' was not found with 'raylib.lib(vulkan.c.obj)' or at ''; linking object as if no debug info
raylib.lib(win32_init.c.obj) : warning LNK4099: PDB '' was not found with 'raylib.lib(win32_init.c.obj)' or at ''; linking object as if no debug info
raylib.lib(win32_monitor.c.obj) : warning LNK4099: PDB '' was not found with 'raylib.lib(win32_monitor.c.obj)' or at ''; linking object as if no debug info
raylib.lib(wgl_context.c.obj) : warning LNK4099: PDB '' was not found with 'raylib.lib(wgl_context.c.obj)' or at ''; linking object as if no debug info
raylib.lib(egl_context.c.obj) : warning LNK4099: PDB '' was not found with 'raylib.lib(egl_context.c.obj)' or at ''; linking object as if no debug info
raylib.lib(osmesa_context.c.obj) : warning LNK4099: PDB '' was not found with 'raylib.lib(osmesa_context.c.obj)' or at ''; linking object as if no debug info
raylib.lib(win32_module.c.obj) : warning LNK4099: PDB '' was not found with 'raylib.lib(win32_module.c.obj)' or at ''; linking object as if no debug info
raylib.lib(win32_joystick.c.obj) : warning LNK4099: PDB '' was not found with 'raylib.lib(win32_joystick.c.obj)' or at ''; linking object as if no debug info
  GameRaylib.vcxproj -> C:\Users\Dell\Desktop\GameRaylib\GameRaylib\x64\Debug\GameRaylib.exe
